<?xml version="1.0" encoding="UTF-8"?>
<testsuites name="suitEN" time="1" tests="12" failures="0" errors="0">
   <testsuite name="suitEN" tests="12" failures="0" errors="0" time="1" timestamp="2018-11-06 10:46:23" hostname="enakache - ip-10-0-11-86.ap-southeast-2.compute.internal" id="Test Suites/suitEN">
      <properties>
         <property name="deviceName" value=""/>
         <property name="devicePlatform" value=""/>
         <property name="logFolder" value="/Users/enakache/git/autoUI/Reports/suitEN/20181106_104617"/>
         <property name="logFiles" value="/Users/enakache/git/autoUI/Reports/suitEN/20181106_104617/execution0.log"/>
         <property name="attachments" value=""/>
         <property name="hostName" value="enakache - ip-10-0-11-86.ap-southeast-2.compute.internal"/>
         <property name="hostAddress" value="10.0.11.86"/>
         <property name="os" value="Mac OS X 64bit"/>
         <property name="katalonVersion" value="5.8.5.1"/>
      </properties>
      <testcase name="Test Cases/test1byEytan" classname="Test Cases/test1byEytan" status="PASSED">
         <system-out><![CDATA[2018-11-06 10:46:24 - [TEST_CASE][PASSED] - Test Cases/test1byEytan: Test Cases/test1byEytan

2018-11-06 10:46:25 - [TEST_STEP][PASSED] - Statement - println(webs): null]]></system-out>
         <system-err><![CDATA[]]></system-err>
      </testcase>
      <testcase name="Test Cases/test1byEytan" classname="Test Cases/test1byEytan" status="PASSED">
         <system-out><![CDATA[2018-11-06 10:46:25 - [TEST_CASE][PASSED] - Test Cases/test1byEytan: Test Cases/test1byEytan

2018-11-06 10:46:25 - [TEST_STEP][PASSED] - Statement - println(webs): null]]></system-out>
         <system-err><![CDATA[]]></system-err>
      </testcase>
      <testcase name="Test Cases/test1byEytan" classname="Test Cases/test1byEytan" status="PASSED">
         <system-out><![CDATA[2018-11-06 10:46:25 - [TEST_CASE][PASSED] - Test Cases/test1byEytan: Test Cases/test1byEytan

2018-11-06 10:46:25 - [TEST_STEP][PASSED] - Statement - println(webs): null]]></system-out>
         <system-err><![CDATA[]]></system-err>
      </testcase>
      <testcase name="Test Cases/test1byEytan" classname="Test Cases/test1byEytan" status="PASSED">
         <system-out><![CDATA[2018-11-06 10:46:25 - [TEST_CASE][PASSED] - Test Cases/test1byEytan: Test Cases/test1byEytan

2018-11-06 10:46:25 - [TEST_STEP][PASSED] - Statement - println(webs): null]]></system-out>
         <system-err><![CDATA[]]></system-err>
      </testcase>
      <testcase name="Test Cases/test1byEytan" classname="Test Cases/test1byEytan" status="PASSED">
         <system-out><![CDATA[2018-11-06 10:46:25 - [TEST_CASE][PASSED] - Test Cases/test1byEytan: Test Cases/test1byEytan

2018-11-06 10:46:25 - [TEST_STEP][PASSED] - Statement - println(webs): null]]></system-out>
         <system-err><![CDATA[]]></system-err>
      </testcase>
      <testcase name="Test Cases/test1byEytan" classname="Test Cases/test1byEytan" status="PASSED">
         <system-out><![CDATA[2018-11-06 10:46:25 - [TEST_CASE][PASSED] - Test Cases/test1byEytan: Test Cases/test1byEytan

2018-11-06 10:46:25 - [TEST_STEP][PASSED] - Statement - println(webs): null]]></system-out>
         <system-err><![CDATA[]]></system-err>
      </testcase>
      <testcase name="Test Cases/test1byEytan" classname="Test Cases/test1byEytan" status="PASSED">
         <system-out><![CDATA[2018-11-06 10:46:25 - [TEST_CASE][PASSED] - Test Cases/test1byEytan: Test Cases/test1byEytan

2018-11-06 10:46:25 - [TEST_STEP][PASSED] - Statement - println(webs): null]]></system-out>
         <system-err><![CDATA[]]></system-err>
      </testcase>
      <testcase name="Test Cases/test1byEytan" classname="Test Cases/test1byEytan" status="PASSED">
         <system-out><![CDATA[2018-11-06 10:46:25 - [TEST_CASE][PASSED] - Test Cases/test1byEytan: Test Cases/test1byEytan

2018-11-06 10:46:25 - [TEST_STEP][PASSED] - Statement - println(webs): null]]></system-out>
         <system-err><![CDATA[]]></system-err>
      </testcase>
      <testcase name="Test Cases/test1byEytan" classname="Test Cases/test1byEytan" status="PASSED">
         <system-out><![CDATA[2018-11-06 10:46:25 - [TEST_CASE][PASSED] - Test Cases/test1byEytan: Test Cases/test1byEytan

2018-11-06 10:46:25 - [TEST_STEP][PASSED] - Statement - println(webs): null]]></system-out>
         <system-err><![CDATA[]]></system-err>
      </testcase>
      <testcase name="Test Cases/test1byEytan" classname="Test Cases/test1byEytan" status="PASSED">
         <system-out><![CDATA[2018-11-06 10:46:25 - [TEST_CASE][PASSED] - Test Cases/test1byEytan: Test Cases/test1byEytan

2018-11-06 10:46:25 - [TEST_STEP][PASSED] - Statement - println(webs): null]]></system-out>
         <system-err><![CDATA[]]></system-err>
      </testcase>
      <testcase name="Test Cases/test1byEytan" classname="Test Cases/test1byEytan" status="PASSED">
         <system-out><![CDATA[2018-11-06 10:46:25 - [TEST_CASE][PASSED] - Test Cases/test1byEytan: Test Cases/test1byEytan

2018-11-06 10:46:25 - [TEST_STEP][PASSED] - Statement - println(webs): null]]></system-out>
         <system-err><![CDATA[]]></system-err>
      </testcase>
      <testcase name="Test Cases/test1byEytan" classname="Test Cases/test1byEytan" status="PASSED">
         <system-out><![CDATA[2018-11-06 10:46:25 - [TEST_CASE][PASSED] - Test Cases/test1byEytan: Test Cases/test1byEytan

2018-11-06 10:46:25 - [TEST_STEP][PASSED] - Statement - println(webs): null]]></system-out>
         <system-err><![CDATA[]]></system-err>
      </testcase>
      <system-out><![CDATA[2018-11-06 10:46:23 - [TEST_SUITE][PASSED] - suitEN: Test Cases/test1byEytan]]></system-out>
      <system-err><![CDATA[]]></system-err>
   </testsuite>
</testsuites>
