<?xml version="1.0" encoding="UTF-8"?>
<testsuites name="suitEN" time="92" tests="4" failures="0" errors="0">
   <testsuite name="suitEN" tests="4" failures="0" errors="0" time="92" timestamp="2018-11-06 10:37:40" hostname="enakache - ip-10-0-11-86.ap-southeast-2.compute.internal" id="Test Suites/suitEN">
      <properties>
         <property name="deviceName" value=""/>
         <property name="devicePlatform" value=""/>
         <property name="logFolder" value="/Users/enakache/git/autoUI/Reports/suitEN/20181106_103713"/>
         <property name="logFiles" value="/Users/enakache/git/autoUI/Reports/suitEN/20181106_103713/execution0.log"/>
         <property name="attachments" value=""/>
         <property name="hostName" value="enakache - ip-10-0-11-86.ap-southeast-2.compute.internal"/>
         <property name="os" value="Mac OS X 64bit"/>
         <property name="katalonVersion" value="5.8.5.1"/>
         <property name="browser" value="Firefox 62.0"/>
         <property name="hostAddress" value="10.0.11.86"/>
         <property name="sessionId" value="c649a85a-30a8-214d-998c-5f4c8c1b07e2"/>
         <property name="seleniumVersion" value="3.7.1"/>
         <property name="proxyInformation" value="ProxyInformation{proxyOption=NO_PROXY, proxyServerType=HTTP, password=, proxyServerAddress=, proxyServerPort=0}"/>
         <property name="platform" value="Mac OS X"/>
      </properties>
      <testcase name="Test Cases/test1byEytan" classname="Test Cases/test1byEytan" status="PASSED">
         <system-out><![CDATA[2018-11-06 10:37:41 - [TEST_CASE][PASSED] - Test Cases/test1byEytan: Test Cases/test1byEytan

2018-11-06 10:37:42 - [TEST_STEP][PASSED] - Statement - println("name"): null

2018-11-06 10:37:42 - [TEST_STEP][PASSED] - openBrowser: Browser is opened with url: 'https://www.youtube.com/watch?v=tu5Zc89w6oQ'

2018-11-06 10:38:12 - [MESSAGE][PASSED] - Browser is opened with url: 'https://www.youtube.com/watch?v=tu5Zc89w6oQ']]></system-out>
         <system-err><![CDATA[]]></system-err>
      </testcase>
      <testcase name="Test Cases/test1byEytan" classname="Test Cases/test1byEytan" status="PASSED">
         <system-out><![CDATA[2018-11-06 10:38:12 - [TEST_CASE][PASSED] - Test Cases/test1byEytan: Test Cases/test1byEytan

2018-11-06 10:38:13 - [TEST_STEP][PASSED] - Statement - println("name"): null

2018-11-06 10:38:13 - [TEST_STEP][PASSED] - openBrowser: Browser is opened with url: 'https://eytannakache.atlassian.net/wiki/spaces/TA/overview'

2018-11-06 10:38:13 - [MESSAGE][WARNING] - A browser is already opened. Closing browser and opening a new one

2018-11-06 10:38:49 - [MESSAGE][PASSED] - Browser is opened with url: 'https://eytannakache.atlassian.net/wiki/spaces/TA/overview']]></system-out>
         <system-err><![CDATA[]]></system-err>
      </testcase>
      <testcase name="Test Cases/test1byEytan" classname="Test Cases/test1byEytan" status="PASSED">
         <system-out><![CDATA[2018-11-06 10:38:49 - [TEST_CASE][PASSED] - Test Cases/test1byEytan: Test Cases/test1byEytan

2018-11-06 10:38:49 - [TEST_STEP][PASSED] - Statement - println("name"): null

2018-11-06 10:38:49 - [TEST_STEP][PASSED] - openBrowser: Browser is opened with url: ''

2018-11-06 10:38:49 - [MESSAGE][WARNING] - A browser is already opened. Closing browser and opening a new one

2018-11-06 10:39:02 - [MESSAGE][PASSED] - Browser is opened with url: '']]></system-out>
         <system-err><![CDATA[]]></system-err>
      </testcase>
      <testcase name="Test Cases/test1byEytan" classname="Test Cases/test1byEytan" status="PASSED">
         <system-out><![CDATA[2018-11-06 10:39:02 - [TEST_CASE][PASSED] - Test Cases/test1byEytan: Test Cases/test1byEytan

2018-11-06 10:39:02 - [TEST_STEP][PASSED] - Statement - println("name"): null

2018-11-06 10:39:02 - [TEST_STEP][PASSED] - openBrowser: Browser is opened with url: ''

2018-11-06 10:39:03 - [MESSAGE][WARNING] - A browser is already opened. Closing browser and opening a new one

2018-11-06 10:39:11 - [MESSAGE][PASSED] - Browser is opened with url: '']]></system-out>
         <system-err><![CDATA[]]></system-err>
      </testcase>
      <system-out><![CDATA[2018-11-06 10:37:40 - [TEST_SUITE][PASSED] - suitEN: Test Cases/test1byEytan]]></system-out>
      <system-err><![CDATA[]]></system-err>
   </testsuite>
</testsuites>
